#
# There is insufficient memory for the Java Runtime Environment to continue.
# Native memory allocation (mmap) failed to map 69206016 bytes for G1 virtual space
# Possible reasons:
#   The system is out of physical RAM or swap space
#   The process is running with CompressedOops enabled, and the Java Heap may be blocking the growth of the native heap
# Possible solutions:
#   Reduce memory load on the system
#   Increase physical memory or swap space
#   Check if swap backing store is full
#   Decrease Java heap size (-Xmx/-Xms)
#   Decrease number of Java threads
#   Decrease Java thread stack sizes (-Xss)
#   Set larger code cache with -XX:ReservedCodeCacheSize=
#   JVM is running with Zero Based Compressed Oops mode in which the Java heap is
#     placed in the first 32GB address space. The Java Heap base address is the
#     maximum limit for the native heap growth. Please use -XX:HeapBaseMinAddress
#     to set the Java Heap base and to place the Java Heap above 32GB virtual address.
# This output file may be truncated or incomplete.
#
#  Out of Memory Error (os_windows.cpp:3530), pid=5100, tid=9260
#
# JRE version: OpenJDK Runtime Environment (18.0.2+9) (build 18.0.2+9-61)
# Java VM: OpenJDK 64-Bit Server VM (18.0.2+9-61, mixed mode, emulated-client, sharing, tiered, compressed oops, compressed class ptrs, g1 gc, windows-amd64)
# No core dump will be written. Minidumps are not enabled by default on client versions of Windows
#

---------------  S U M M A R Y ------------

Command Line: -XX:TieredStopAtLevel=1 -Xverify:none -Dspring.output.ansi.enabled=always -Dcom.sun.management.jmxremote -Dspring.jmx.enabled=true -Dspring.liveBeansView.mbeanDomain -Dspring.application.admin.enabled=true -javaagent:C:\Program Files\JetBrains\IntelliJ IDEA 2022.1\lib\idea_rt.jar=8405:C:\Program Files\JetBrains\IntelliJ IDEA 2022.1\bin -Dfile.encoding=UTF-8 uz.anvar.kif.KifApplication

Host: Intel(R) Core(TM) i5-6200U CPU @ 2.30GHz, 4 cores, 11G,  Windows 10 , 64 bit Build 17763 (10.0.17763.3287)
Time: Mon Dec  5 18:48:09 2022 Западная Азия (зима) elapsed time: 15.365600 seconds (0d 0h 0m 15s)

---------------  T H R E A D  ---------------

Current thread (0x0000013da52c89f0):  VMThread "VM Thread" [stack: 0x00000005c6100000,0x00000005c6200000] [id=9260]

Stack: [0x00000005c6100000,0x00000005c6200000]
Native frames: (J=compiled Java code, j=interpreted, Vv=VM code, C=native code)
V  [jvm.dll+0x6993ca]
V  [jvm.dll+0x7f481d]
V  [jvm.dll+0x7f612e]
V  [jvm.dll+0x7f67e3]
V  [jvm.dll+0x25cdaf]
V  [jvm.dll+0x696319]
V  [jvm.dll+0x68ae4a]
V  [jvm.dll+0x3223eb]
V  [jvm.dll+0x329dc6]
V  [jvm.dll+0x37eade]
V  [jvm.dll+0x37ed0f]
V  [jvm.dll+0x2fa16a]
V  [jvm.dll+0x2fa217]
V  [jvm.dll+0x33e752]
V  [jvm.dll+0x33ccf4]
V  [jvm.dll+0x2f9940]
V  [jvm.dll+0x33c2cb]
V  [jvm.dll+0x7fb5cb]
V  [jvm.dll+0x7fc364]
V  [jvm.dll+0x7fc89c]
V  [jvm.dll+0x7fccf4]
V  [jvm.dll+0x7fcdb7]
V  [jvm.dll+0x7a125a]
V  [jvm.dll+0x698275]
C  [ucrtbase.dll+0x2268a]
C  [KERNEL32.DLL+0x17974]
C  [ntdll.dll+0x5a371]

VM_Operation (0x00000005c80fab30): G1CollectForAllocation, mode: safepoint, requested by thread 0x0000013dab2c5080


---------------  P R O C E S S  ---------------

Threads class SMR info:
_java_thread_list=0x0000013da9dc3d00, length=31, elements={
0x0000013da52cec40, 0x0000013da52cf7b0, 0x0000013da52e8340, 0x0000013da52e8eb0,
0x0000013da52ea770, 0x0000013da52eb020, 0x0000013da52eb8d0, 0x0000013da52ec1c0,
0x0000013da538ea80, 0x0000013da98fabb0, 0x0000013da98fb070, 0x0000013da9a85530,
0x0000013daabb4570, 0x0000013daabb4a30, 0x0000013daac223e0, 0x0000013dab2c5a20,
0x0000013dab2c8a40, 0x0000013dab2c80a0, 0x0000013dab2c7bd0, 0x0000013dab2c5080,
0x0000013dab2c8570, 0x0000013dab2c7230, 0x0000013dab2c5ef0, 0x0000013dab2c5550,
0x0000013dab2c63c0, 0x0000013dab2c6d60, 0x0000013dab2c6890, 0x0000013dab876700,
0x0000013dab876bd0, 0x0000013dab877f10, 0x0000013dab877570
}

Java Threads: ( => current thread )
  0x0000013da52cec40 JavaThread "Reference Handler" daemon [_thread_blocked, id=11792, stack(0x00000005c6200000,0x00000005c6300000)]
  0x0000013da52cf7b0 JavaThread "Finalizer" daemon [_thread_blocked, id=12692, stack(0x00000005c6300000,0x00000005c6400000)]
  0x0000013da52e8340 JavaThread "Signal Dispatcher" daemon [_thread_blocked, id=7828, stack(0x00000005c6500000,0x00000005c6600000)]
  0x0000013da52e8eb0 JavaThread "Attach Listener" daemon [_thread_blocked, id=11696, stack(0x00000005c6600000,0x00000005c6700000)]
  0x0000013da52ea770 JavaThread "Service Thread" daemon [_thread_blocked, id=1692, stack(0x00000005c6700000,0x00000005c6800000)]
  0x0000013da52eb020 JavaThread "Monitor Deflation Thread" daemon [_thread_blocked, id=8000, stack(0x00000005c6800000,0x00000005c6900000)]
  0x0000013da52eb8d0 JavaThread "C1 CompilerThread0" daemon [_thread_blocked, id=9540, stack(0x00000005c6900000,0x00000005c6a00000)]
  0x0000013da52ec1c0 JavaThread "Sweeper thread" daemon [_thread_blocked, id=6468, stack(0x00000005c6a00000,0x00000005c6b00000)]
  0x0000013da538ea80 JavaThread "Common-Cleaner" daemon [_thread_blocked, id=3296, stack(0x00000005c6b00000,0x00000005c6c00000)]
  0x0000013da98fabb0 JavaThread "Monitor Ctrl-Break" daemon [_thread_in_native, id=13008, stack(0x00000005c6e00000,0x00000005c6f00000)]
  0x0000013da98fb070 JavaThread "Notification Thread" daemon [_thread_blocked, id=2164, stack(0x00000005c6f00000,0x00000005c7000000)]
  0x0000013da9a85530 JavaThread "RMI TCP Accept-0" daemon [_thread_in_native, id=3608, stack(0x00000005c7000000,0x00000005c7100000)]
  0x0000013daabb4570 JavaThread "Catalina-utility-1" [_thread_blocked, id=10488, stack(0x00000005c7700000,0x00000005c7800000)]
  0x0000013daabb4a30 JavaThread "Catalina-utility-2" [_thread_blocked, id=6556, stack(0x00000005c7800000,0x00000005c7900000)]
  0x0000013daac223e0 JavaThread "container-0" [_thread_blocked, id=12792, stack(0x00000005c7900000,0x00000005c7a00000)]
  0x0000013dab2c5a20 JavaThread "HikariPool-1 housekeeper" daemon [_thread_blocked, id=12120, stack(0x00000005c7b00000,0x00000005c7c00000)]
  0x0000013dab2c8a40 JavaThread "File Watcher" daemon [_thread_blocked, id=12312, stack(0x00000005c7d00000,0x00000005c7e00000)]
  0x0000013dab2c80a0 JavaThread "Live Reload Server" daemon [_thread_in_native, id=10848, stack(0x00000005c7f00000,0x00000005c8000000)]
  0x0000013dab2c7bd0 JavaThread "http-nio-8080-exec-1" daemon [_thread_blocked, id=3400, stack(0x00000005c7e00000,0x00000005c7f00000)]
  0x0000013dab2c5080 JavaThread "http-nio-8080-exec-2" daemon [_thread_blocked, id=8432, stack(0x00000005c8000000,0x00000005c8100000)]
  0x0000013dab2c8570 JavaThread "http-nio-8080-exec-3" daemon [_thread_blocked, id=1504, stack(0x00000005c8100000,0x00000005c8200000)]
  0x0000013dab2c7230 JavaThread "http-nio-8080-exec-4" daemon [_thread_blocked, id=5948, stack(0x00000005c8200000,0x00000005c8300000)]
  0x0000013dab2c5ef0 JavaThread "http-nio-8080-exec-5" daemon [_thread_blocked, id=6700, stack(0x00000005c8300000,0x00000005c8400000)]
  0x0000013dab2c5550 JavaThread "http-nio-8080-exec-6" daemon [_thread_blocked, id=8240, stack(0x00000005c8400000,0x00000005c8500000)]
  0x0000013dab2c63c0 JavaThread "http-nio-8080-exec-7" daemon [_thread_blocked, id=2932, stack(0x00000005c8600000,0x00000005c8700000)]
  0x0000013dab2c6d60 JavaThread "http-nio-8080-exec-8" daemon [_thread_blocked, id=644, stack(0x00000005c8700000,0x00000005c8800000)]
  0x0000013dab2c6890 JavaThread "http-nio-8080-exec-9" daemon [_thread_blocked, id=3772, stack(0x00000005c8800000,0x00000005c8900000)]
  0x0000013dab876700 JavaThread "http-nio-8080-exec-10" daemon [_thread_blocked, id=2828, stack(0x00000005c8900000,0x00000005c8a00000)]
  0x0000013dab876bd0 JavaThread "http-nio-8080-Poller" daemon [_thread_in_native, id=5408, stack(0x00000005c8a00000,0x00000005c8b00000)]
  0x0000013dab877f10 JavaThread "http-nio-8080-Acceptor" daemon [_thread_in_native, id=9284, stack(0x00000005c8b00000,0x00000005c8c00000)]
  0x0000013dab877570 JavaThread "DestroyJavaVM" [_thread_blocked, id=10944, stack(0x00000005c5b00000,0x00000005c5c00000)]

Other Threads:
=>0x0000013da52c89f0 VMThread "VM Thread" [stack: 0x00000005c6100000,0x00000005c6200000] [id=9260]
  0x0000013d8f673560 WatcherThread "VM Periodic Task Thread" [stack: 0x00000005c7100000,0x00000005c7200000] [id=9684]
  0x0000013d8f6d0690 WorkerThread "GC Thread#0" [stack: 0x00000005c5c00000,0x00000005c5d00000] [id=996]
  0x0000013da9b6c650 WorkerThread "GC Thread#1" [stack: 0x00000005c7200000,0x00000005c7300000] [id=13168]
  0x0000013da9b6c8f0 WorkerThread "GC Thread#2" [stack: 0x00000005c7300000,0x00000005c7400000] [id=10740]
  0x0000013da9b6cb90 WorkerThread "GC Thread#3" [stack: 0x00000005c7400000,0x00000005c7500000] [id=4008]
  0x0000013d8f6de2f0 ConcurrentGCThread "G1 Main Marker" [stack: 0x00000005c5d00000,0x00000005c5e00000] [id=796]
  0x0000013d8f6debf0 WorkerThread "G1 Conc#0" [stack: 0x00000005c5e00000,0x00000005c5f00000] [id=6668]
  0x0000013d8f710f30 ConcurrentGCThread "G1 Refine#0" [stack: 0x00000005c5f00000,0x00000005c6000000] [id=11692]
  0x0000013dab544dc0 ConcurrentGCThread "G1 Refine#1" [stack: 0x00000005c8500000,0x00000005c8600000] [id=10748]
  0x0000013d8f711750 ConcurrentGCThread "G1 Service" [stack: 0x00000005c6000000,0x00000005c6100000] [id=7148]

Threads with active compile tasks:

VM state: at safepoint (normal execution)

VM Mutex/Monitor currently owned by a thread:  ([mutex/lock_event])
[0x0000013d8f66f190] Threads_lock - owner thread: 0x0000013da52c89f0
[0x0000013d8f66f220] Heap_lock - owner thread: 0x0000013dab2c5080

Heap address: 0x0000000741e00000, size: 3042 MB, Compressed Oops mode: Zero based, Oop shift amount: 3

CDS archive(s) mapped at: [0x0000000800000000-0x0000000800ba0000-0x0000000800ba0000), size 12189696, SharedBaseAddress: 0x0000000800000000, ArchiveRelocationMode: 0.
Compressed class space mapped at: 0x0000000800c00000-0x0000000840c00000, reserved size: 1073741824
Narrow klass base: 0x0000000800000000, Narrow klass shift: 0, Narrow klass range: 0x100000000

GC Precious Log:
 CardTable entry size: 512
 Card Set container configuration: InlinePtr #cards 4 size 8 Array Of Cards #cards 16 size 48 Howl #buckets 8 coarsen threshold 3686 Howl Bitmap #cards 512 size 80 coarsen threshold 460 Card regions per heap region 1 cards per card region 4096
 CPUs: 4 total, 4 available
 Memory: 12161M
 Large Page Support: Disabled
 NUMA Support: Disabled
 Compressed Oops: Enabled (Zero based)
 Heap Region Size: 2M
 Heap Min Capacity: 8M
 Heap Initial Capacity: 192M
 Heap Max Capacity: 3042M
 Pre-touch: Disabled
 Parallel Workers: 4
 Concurrent Workers: 1
 Concurrent Refinement Workers: 4
 Periodic GC: Disabled

Heap:
 garbage-first heap   total 129024K, used 47539K [0x0000000741e00000, 0x0000000800000000)
  region size 2048K, 2 young (4096K), 2 survivors (4096K)
 Metaspace       used 49993K, committed 50624K, reserved 1114112K
  class space    used 6839K, committed 7104K, reserved 1048576K

Heap Regions: E=young(eden), S=young(survivor), O=old, HS=humongous(starts), HC=humongous(continues), CS=collection set, F=free, OA=open archive, CA=closed archive, TAMS=top-at-mark-start (previous, next)
|   0|0x0000000741e00000, 0x0000000742000000, 0x0000000742000000|100%| O|  |TAMS 0x0000000742000000, 0x0000000742000000| Untracked 
|   1|0x0000000742000000, 0x0000000742200000, 0x0000000742200000|100%| O|  |TAMS 0x0000000742200000, 0x0000000742200000| Untracked 
|   2|0x0000000742200000, 0x0000000742400000, 0x0000000742400000|100%| O|  |TAMS 0x0000000742400000, 0x0000000742400000| Untracked 
|   3|0x0000000742400000, 0x0000000742400000, 0x0000000742600000|  0%| F|  |TAMS 0x0000000742400000, 0x0000000742400000| Untracked 
|   4|0x0000000742600000, 0x0000000742800000, 0x0000000742800000|100%| O|  |TAMS 0x0000000742800000, 0x0000000742800000| Untracked 
|   5|0x0000000742800000, 0x0000000742a00000, 0x0000000742a00000|100%| O|  |TAMS 0x0000000742a00000, 0x0000000742a00000| Untracked 
|   6|0x0000000742a00000, 0x0000000742c00000, 0x0000000742c00000|100%| O|  |TAMS 0x0000000742c00000, 0x0000000742c00000| Untracked 
|   7|0x0000000742c00000, 0x0000000742e00000, 0x0000000742e00000|100%| O|  |TAMS 0x0000000742e00000, 0x0000000742e00000| Untracked 
|   8|0x0000000742e00000, 0x0000000743000000, 0x0000000743000000|100%| O|  |TAMS 0x0000000743000000, 0x0000000743000000| Untracked 
|   9|0x0000000743000000, 0x0000000743200000, 0x0000000743200000|100%| O|  |TAMS 0x0000000743200000, 0x0000000743200000| Untracked 
|  10|0x0000000743200000, 0x0000000743400000, 0x0000000743400000|100%| O|  |TAMS 0x0000000743400000, 0x0000000743400000| Untracked 
|  11|0x0000000743400000, 0x0000000743600000, 0x0000000743600000|100%| O|  |TAMS 0x0000000743600000, 0x0000000743600000| Untracked 
|  12|0x0000000743600000, 0x0000000743800000, 0x0000000743800000|100%| O|  |TAMS 0x0000000743800000, 0x0000000743800000| Untracked 
|  13|0x0000000743800000, 0x0000000743a00000, 0x0000000743a00000|100%| O|  |TAMS 0x0000000743a00000, 0x0000000743a00000| Untracked 
|  14|0x0000000743a00000, 0x0000000743c00000, 0x0000000743c00000|100%| O|  |TAMS 0x0000000743c00000, 0x0000000743c00000| Untracked 
|  15|0x0000000743c00000, 0x0000000743e00000, 0x0000000743e00000|100%| O|  |TAMS 0x0000000743e00000, 0x0000000743e00000| Untracked 
|  16|0x0000000743e00000, 0x0000000744000000, 0x0000000744000000|100%| O|  |TAMS 0x0000000743f75c00, 0x0000000744000000| Untracked 
|  17|0x0000000744000000, 0x0000000744200000, 0x0000000744200000|100%| O|  |TAMS 0x0000000744000000, 0x0000000744200000| Untracked 
|  18|0x0000000744200000, 0x0000000744400000, 0x0000000744400000|100%| O|  |TAMS 0x0000000744200000, 0x0000000744400000| Untracked 
|  19|0x0000000744400000, 0x0000000744600000, 0x0000000744600000|100%| O|  |TAMS 0x0000000744400000, 0x0000000744600000| Untracked 
|  20|0x0000000744600000, 0x0000000744800000, 0x0000000744800000|100%| O|  |TAMS 0x0000000744600000, 0x0000000744800000| Untracked 
|  21|0x0000000744800000, 0x0000000744a00000, 0x0000000744a00000|100%| O|  |TAMS 0x0000000744800000, 0x0000000744a00000| Untracked 
|  22|0x0000000744a00000, 0x0000000744b77200, 0x0000000744c00000| 73%| O|  |TAMS 0x0000000744a00000, 0x0000000744b77200| Untracked 
|  23|0x0000000744c00000, 0x0000000744c00000, 0x0000000744e00000|  0%| F|  |TAMS 0x0000000744c00000, 0x0000000744c00000| Untracked 
|  24|0x0000000744e00000, 0x0000000744e00000, 0x0000000745000000|  0%| F|  |TAMS 0x0000000744e00000, 0x0000000744e00000| Untracked 
|  25|0x0000000745000000, 0x0000000745000000, 0x0000000745200000|  0%| F|  |TAMS 0x0000000745000000, 0x0000000745000000| Untracked 
|  26|0x0000000745200000, 0x0000000745200000, 0x0000000745400000|  0%| F|  |TAMS 0x0000000745200000, 0x0000000745200000| Untracked 
|  27|0x0000000745400000, 0x0000000745400000, 0x0000000745600000|  0%| F|  |TAMS 0x0000000745400000, 0x0000000745400000| Untracked 
|  28|0x0000000745600000, 0x0000000745600000, 0x0000000745800000|  0%| F|  |TAMS 0x0000000745600000, 0x0000000745600000| Untracked 
|  29|0x0000000745800000, 0x0000000745800000, 0x0000000745a00000|  0%| F|  |TAMS 0x0000000745800000, 0x0000000745800000| Untracked 
|  30|0x0000000745a00000, 0x0000000745a00000, 0x0000000745c00000|  0%| F|  |TAMS 0x0000000745a00000, 0x0000000745a00000| Untracked 
|  31|0x0000000745c00000, 0x0000000745c00000, 0x0000000745e00000|  0%| F|  |TAMS 0x0000000745c00000, 0x0000000745c00000| Untracked 
|  32|0x0000000745e00000, 0x0000000745ef5b48, 0x0000000746000000| 47%| S|CS|TAMS 0x0000000745e00000, 0x0000000745e00000| Complete 
|  33|0x0000000746000000, 0x0000000746200000, 0x0000000746200000|100%| S|CS|TAMS 0x0000000746000000, 0x0000000746000000| Complete 
|  34|0x0000000746200000, 0x0000000746200000, 0x0000000746400000|  0%| F|  |TAMS 0x0000000746200000, 0x0000000746200000| Untracked 
|  35|0x0000000746400000, 0x0000000746400000, 0x0000000746600000|  0%| F|  |TAMS 0x0000000746400000, 0x0000000746400000| Untracked 
|  36|0x0000000746600000, 0x0000000746600000, 0x0000000746800000|  0%| F|  |TAMS 0x0000000746600000, 0x0000000746600000| Untracked 
|  37|0x0000000746800000, 0x0000000746800000, 0x0000000746a00000|  0%| F|  |TAMS 0x0000000746800000, 0x0000000746800000| Untracked 
|  38|0x0000000746a00000, 0x0000000746a00000, 0x0000000746c00000|  0%| F|  |TAMS 0x0000000746a00000, 0x0000000746a00000| Untracked 
|  39|0x0000000746c00000, 0x0000000746c00000, 0x0000000746e00000|  0%| F|  |TAMS 0x0000000746c00000, 0x0000000746c00000| Untracked 
|  40|0x0000000746e00000, 0x0000000746e00000, 0x0000000747000000|  0%| F|  |TAMS 0x0000000746e00000, 0x0000000746e00000| Untracked 
|  41|0x0000000747000000, 0x0000000747000000, 0x0000000747200000|  0%| F|  |TAMS 0x0000000747000000, 0x0000000747000000| Untracked 
|  42|0x0000000747200000, 0x0000000747200000, 0x0000000747400000|  0%| F|  |TAMS 0x0000000747200000, 0x0000000747200000| Untracked 
|  43|0x0000000747400000, 0x0000000747400000, 0x0000000747600000|  0%| F|  |TAMS 0x0000000747400000, 0x0000000747400000| Untracked 
|  44|0x0000000747600000, 0x0000000747600000, 0x0000000747800000|  0%| F|  |TAMS 0x0000000747600000, 0x0000000747600000| Untracked 
|  45|0x0000000747800000, 0x0000000747800000, 0x0000000747a00000|  0%| F|  |TAMS 0x0000000747800000, 0x0000000747800000| Untracked 
|  46|0x0000000747a00000, 0x0000000747a00000, 0x0000000747c00000|  0%| F|  |TAMS 0x0000000747a00000, 0x0000000747a00000| Untracked 
|  47|0x0000000747c00000, 0x0000000747c00000, 0x0000000747e00000|  0%| F|  |TAMS 0x0000000747c00000, 0x0000000747c00000| Untracked 
|  48|0x0000000747e00000, 0x0000000747e00000, 0x0000000748000000|  0%| F|  |TAMS 0x0000000747e00000, 0x0000000747e00000| Untracked 
|  49|0x0000000748000000, 0x0000000748000000, 0x0000000748200000|  0%| F|  |TAMS 0x0000000748000000, 0x0000000748000000| Untracked 
|  50|0x0000000748200000, 0x0000000748200000, 0x0000000748400000|  0%| F|  |TAMS 0x0000000748200000, 0x0000000748200000| Untracked 
|  51|0x0000000748400000, 0x0000000748400000, 0x0000000748600000|  0%| F|  |TAMS 0x0000000748400000, 0x0000000748400000| Untracked 
|  52|0x0000000748600000, 0x0000000748600000, 0x0000000748800000|  0%| F|  |TAMS 0x0000000748600000, 0x0000000748600000| Untracked 
|  53|0x0000000748800000, 0x0000000748800000, 0x0000000748a00000|  0%| F|  |TAMS 0x0000000748800000, 0x0000000748800000| Untracked 
|  54|0x0000000748a00000, 0x0000000748a00000, 0x0000000748c00000|  0%| F|  |TAMS 0x0000000748a00000, 0x0000000748a00000| Untracked 
|  55|0x0000000748c00000, 0x0000000748c00000, 0x0000000748e00000|  0%| F|  |TAMS 0x0000000748c00000, 0x0000000748c00000| Untracked 
|  56|0x0000000748e00000, 0x0000000748e00000, 0x0000000749000000|  0%| F|  |TAMS 0x0000000748e00000, 0x0000000748e00000| Untracked 
|  57|0x0000000749000000, 0x0000000749000000, 0x0000000749200000|  0%| F|  |TAMS 0x0000000749000000, 0x0000000749000000| Untracked 
|  58|0x0000000749200000, 0x0000000749200000, 0x0000000749400000|  0%| F|  |TAMS 0x0000000749200000, 0x0000000749200000| Untracked 
|  59|0x0000000749400000, 0x0000000749400000, 0x0000000749600000|  0%| F|  |TAMS 0x0000000749400000, 0x0000000749400000| Untracked 
|  60|0x0000000749600000, 0x0000000749600000, 0x0000000749800000|  0%| F|  |TAMS 0x0000000749600000, 0x0000000749600000| Untracked 
|  61|0x0000000749800000, 0x0000000749800000, 0x0000000749a00000|  0%| F|  |TAMS 0x0000000749800000, 0x0000000749800000| Untracked 
|  95|0x000000074dc00000, 0x000000074dc00000, 0x000000074de00000|  0%| F|  |TAMS 0x000000074dc00000, 0x000000074dc00000| Untracked 

Card table byte_map: [0x0000013d9c1f0000,0x0000013d9c7f0000] _byte_map_base: 0x0000013d987e1000

Marking Bits (Prev, Next): (CMBitMap*) 0x0000013d8f6d1bf0, (CMBitMap*) 0x0000013d8f6d1bb0
 Prev Bits: [0x0000013d9fd80000, 0x0000013da2d08000)
 Next Bits: [0x0000013d9cdf0000, 0x0000013d9fd78000)

Polling page: 0x0000013d8f410000

Metaspace:

Usage:
  Non-class:     42.14 MB used.
      Class:      6.68 MB used.
       Both:     48.82 MB used.

Virtual space:
  Non-class space:       64.00 MB reserved,      42.50 MB ( 66%) committed,  1 nodes.
      Class space:        1.00 GB reserved,       6.94 MB ( <1%) committed,  1 nodes.
             Both:        1.06 GB reserved,      49.44 MB (  5%) committed. 

Chunk freelists:
   Non-Class:  1.39 MB
       Class:  1.02 MB
        Both:  2.41 MB

MaxMetaspaceSize: unlimited
CompressedClassSpaceSize: 1.00 GB
Initial GC threshold: 21.00 MB
Current GC threshold: 75.88 MB
CDS: on
MetaspaceReclaimPolicy: balanced
 - commit_granule_bytes: 65536.
 - commit_granule_words: 8192.
 - virtual_space_node_default_size: 8388608.
 - enlarge_chunks_in_place: 1.
 - new_chunks_are_fully_committed: 0.
 - uncommit_free_chunks: 1.
 - use_allocation_guard: 0.


Internal statistics:

num_allocs_failed_limit: 12.
num_arena_births: 884.
num_arena_deaths: 0.
num_vsnodes_births: 2.
num_vsnodes_deaths: 0.
num_space_committed: 791.
num_space_uncommitted: 0.
num_chunks_returned_to_freelist: 12.
num_chunks_taken_from_freelist: 2660.
num_chunk_merges: 12.
num_chunk_splits: 1931.
num_chunks_enlarged: 1516.
num_inconsistent_stats: 0.

CodeCache: size=49152Kb used=9487Kb max_used=10368Kb free=39665Kb
 bounds [0x0000013d987b0000, 0x0000013d991e0000, 0x0000013d9b7b0000]
 total_blobs=5669 nmethods=5030 adapters=566
 compilation: enabled
              stopped_count=0, restarted_count=0
 full_count=0

Compilation events (20 events):
Event: 15.247 Thread 0x0000013da52eb8d0 5021       1       sun.nio.ch.IOUtil::bufferAddress (10 bytes)
Event: 15.247 Thread 0x0000013da52eb8d0 nmethod 5021 0x0000013d989c7a10 code [0x0000013d989c7ba0, 0x0000013d989c7c58]
Event: 15.250 Thread 0x0000013da52eb8d0 5022       1       sun.nio.ch.IOUtil::acquireScope (11 bytes)
Event: 15.250 Thread 0x0000013da52eb8d0 nmethod 5022 0x0000013d989c6e10 code [0x0000013d989c6fa0, 0x0000013d989c7068]
Event: 15.304 Thread 0x0000013da52eb8d0 5023       1       org.apache.tomcat.util.buf.ByteChunk::equalsIgnoreCase (76 bytes)
Event: 15.305 Thread 0x0000013da52eb8d0 nmethod 5023 0x0000013d989c6690 code [0x0000013d989c6840, 0x0000013d989c6b78]
Event: 15.313 Thread 0x0000013da52eb8d0 5024       1       org.springframework.core.annotation.AnnotationTypeMapping$MirrorSets::updateFrom (148 bytes)
Event: 15.315 Thread 0x0000013da52eb8d0 nmethod 5024 0x0000013d989c5390 code [0x0000013d989c5600, 0x0000013d989c6118]
Event: 15.328 Thread 0x0000013da52eb8d0 5025   !   1       org.springframework.core.annotation.AnnotationTypeMappings::addIfPossible (66 bytes)
Event: 15.329 Thread 0x0000013da52eb8d0 nmethod 5025 0x0000013d989c4390 code [0x0000013d989c4620, 0x0000013d989c4e38]
Event: 15.329 Thread 0x0000013da52eb8d0 5029       1       org.springframework.core.annotation.AnnotationTypeMapping::resolveAliasedForTargets (89 bytes)
Event: 15.330 Thread 0x0000013da52eb8d0 nmethod 5029 0x0000013d989c3b10 code [0x0000013d989c3d00, 0x0000013d989c4138]
Event: 15.330 Thread 0x0000013da52eb8d0 5030       1       org.springframework.core.annotation.AnnotationTypeMapping::processAliases (70 bytes)
Event: 15.330 Thread 0x0000013da52eb8d0 nmethod 5030 0x0000013d989c3190 code [0x0000013d989c3380, 0x0000013d989c37f8]
Event: 15.330 Thread 0x0000013da52eb8d0 5026       1       org.springframework.core.annotation.AnnotationTypeMapping::<init> (189 bytes)
Event: 15.332 Thread 0x0000013da52eb8d0 nmethod 5026 0x0000013d989c1c90 code [0x0000013d989c1f00, 0x0000013d989c2d68]
Event: 15.332 Thread 0x0000013da52eb8d0 5027       1       org.springframework.core.annotation.AnnotationTypeMapping::merge (46 bytes)
Event: 15.332 Thread 0x0000013da52eb8d0 nmethod 5027 0x0000013d989c1410 code [0x0000013d989c1600, 0x0000013d989c1a28]
Event: 15.332 Thread 0x0000013da52eb8d0 5028       1       org.springframework.core.annotation.AnnotationTypeMapping$MirrorSets::<init> (31 bytes)
Event: 15.333 Thread 0x0000013da52eb8d0 nmethod 5028 0x0000013d989c0e90 code [0x0000013d989c1040, 0x0000013d989c12f8]

GC Heap History (20 events):
Event: 6.167 GC heap after
{Heap after GC invocations=7 (full 0):
 garbage-first heap   total 61440K, used 18555K [0x0000000741e00000, 0x0000000800000000)
  region size 2048K, 1 young (2048K), 1 survivors (2048K)
 Metaspace       used 31057K, committed 31552K, reserved 1114112K
  class space    used 4196K, committed 4416K, reserved 1048576K
}
Event: 6.686 GC heap before
{Heap before GC invocations=7 (full 0):
 garbage-first heap   total 61440K, used 32891K [0x0000000741e00000, 0x0000000800000000)
  region size 2048K, 9 young (18432K), 1 survivors (2048K)
 Metaspace       used 35639K, committed 36096K, reserved 1114112K
  class space    used 4735K, committed 4928K, reserved 1048576K
}
Event: 6.691 GC heap after
{Heap after GC invocations=8 (full 0):
 garbage-first heap   total 61440K, used 19388K [0x0000000741e00000, 0x0000000800000000)
  region size 2048K, 2 young (4096K), 2 survivors (4096K)
 Metaspace       used 35639K, committed 36096K, reserved 1114112K
  class space    used 4735K, committed 4928K, reserved 1048576K
}
Event: 7.477 GC heap before
{Heap before GC invocations=9 (full 0):
 garbage-first heap   total 61440K, used 41916K [0x0000000741e00000, 0x0000000800000000)
  region size 2048K, 14 young (28672K), 2 survivors (4096K)
 Metaspace       used 41117K, committed 41600K, reserved 1114112K
  class space    used 5605K, committed 5824K, reserved 1048576K
}
Event: 7.485 GC heap after
{Heap after GC invocations=10 (full 0):
 garbage-first heap   total 61440K, used 21653K [0x0000000741e00000, 0x0000000800000000)
  region size 2048K, 2 young (4096K), 2 survivors (4096K)
 Metaspace       used 41117K, committed 41600K, reserved 1114112K
  class space    used 5605K, committed 5824K, reserved 1048576K
}
Event: 8.041 GC heap before
{Heap before GC invocations=10 (full 0):
 garbage-first heap   total 61440K, used 44181K [0x0000000741e00000, 0x0000000800000000)
  region size 2048K, 13 young (26624K), 2 survivors (4096K)
 Metaspace       used 44000K, committed 44544K, reserved 1114112K
  class space    used 6025K, committed 6272K, reserved 1048576K
}
Event: 8.054 GC heap after
{Heap after GC invocations=11 (full 0):
 garbage-first heap   total 61440K, used 23322K [0x0000000741e00000, 0x0000000800000000)
  region size 2048K, 2 young (4096K), 2 survivors (4096K)
 Metaspace       used 44000K, committed 44544K, reserved 1114112K
  class space    used 6025K, committed 6272K, reserved 1048576K
}
Event: 8.511 GC heap before
{Heap before GC invocations=11 (full 0):
 garbage-first heap   total 61440K, used 41754K [0x0000000741e00000, 0x0000000800000000)
  region size 2048K, 12 young (24576K), 2 survivors (4096K)
 Metaspace       used 45704K, committed 46336K, reserved 1114112K
  class space    used 6227K, committed 6528K, reserved 1048576K
}
Event: 8.519 GC heap after
{Heap after GC invocations=12 (full 0):
 garbage-first heap   total 61440K, used 27231K [0x0000000741e00000, 0x0000000800000000)
  region size 2048K, 2 young (4096K), 2 survivors (4096K)
 Metaspace       used 45704K, committed 46336K, reserved 1114112K
  class space    used 6227K, committed 6528K, reserved 1048576K
}
Event: 8.628 GC heap before
{Heap before GC invocations=12 (full 0):
 garbage-first heap   total 61440K, used 43615K [0x0000000741e00000, 0x0000000800000000)
  region size 2048K, 10 young (20480K), 2 survivors (4096K)
 Metaspace       used 45704K, committed 46336K, reserved 1114112K
  class space    used 6227K, committed 6528K, reserved 1048576K
}
Event: 8.641 GC heap after
{Heap after GC invocations=13 (full 0):
 garbage-first heap   total 73728K, used 30984K [0x0000000741e00000, 0x0000000800000000)
  region size 2048K, 2 young (4096K), 2 survivors (4096K)
 Metaspace       used 45704K, committed 46336K, reserved 1114112K
  class space    used 6227K, committed 6528K, reserved 1048576K
}
Event: 8.819 GC heap before
{Heap before GC invocations=13 (full 0):
 garbage-first heap   total 73728K, used 51464K [0x0000000741e00000, 0x0000000800000000)
  region size 2048K, 12 young (24576K), 2 survivors (4096K)
 Metaspace       used 45816K, committed 46400K, reserved 1114112K
  class space    used 6243K, committed 6528K, reserved 1048576K
}
Event: 8.832 GC heap after
{Heap after GC invocations=14 (full 0):
 garbage-first heap   total 73728K, used 36811K [0x0000000741e00000, 0x0000000800000000)
  region size 2048K, 2 young (4096K), 2 survivors (4096K)
 Metaspace       used 45816K, committed 46400K, reserved 1114112K
  class space    used 6243K, committed 6528K, reserved 1048576K
}
Event: 8.898 GC heap before
{Heap before GC invocations=14 (full 0):
 garbage-first heap   total 73728K, used 51147K [0x0000000741e00000, 0x0000000800000000)
  region size 2048K, 9 young (18432K), 2 survivors (4096K)
 Metaspace       used 45816K, committed 46400K, reserved 1114112K
  class space    used 6243K, committed 6528K, reserved 1048576K
}
Event: 8.908 GC heap after
{Heap after GC invocations=15 (full 0):
 garbage-first heap   total 73728K, used 40702K [0x0000000741e00000, 0x0000000800000000)
  region size 2048K, 2 young (4096K), 2 survivors (4096K)
 Metaspace       used 45816K, committed 46400K, reserved 1114112K
  class space    used 6243K, committed 6528K, reserved 1048576K
}
Event: 9.128 GC heap before
{Heap before GC invocations=16 (full 0):
 garbage-first heap   total 90112K, used 50942K [0x0000000741e00000, 0x0000000800000000)
  region size 2048K, 8 young (16384K), 2 survivors (4096K)
 Metaspace       used 46137K, committed 46720K, reserved 1114112K
  class space    used 6312K, committed 6592K, reserved 1048576K
}
Event: 9.138 GC heap after
{Heap after GC invocations=17 (full 0):
 garbage-first heap   total 90112K, used 44112K [0x0000000741e00000, 0x0000000800000000)
  region size 2048K, 1 young (2048K), 1 survivors (2048K)
 Metaspace       used 46137K, committed 46720K, reserved 1114112K
  class space    used 6312K, committed 6592K, reserved 1048576K
}
Event: 9.198 GC heap before
{Heap before GC invocations=17 (full 0):
 garbage-first heap   total 90112K, used 46160K [0x0000000741e00000, 0x0000000800000000)
  region size 2048K, 2 young (4096K), 1 survivors (2048K)
 Metaspace       used 46260K, committed 46912K, reserved 1114112K
  class space    used 6337K, committed 6656K, reserved 1048576K
}
Event: 9.202 GC heap after
{Heap after GC invocations=18 (full 0):
 garbage-first heap   total 90112K, used 45085K [0x0000000741e00000, 0x0000000800000000)
  region size 2048K, 1 young (2048K), 1 survivors (2048K)
 Metaspace       used 46260K, committed 46912K, reserved 1114112K
  class space    used 6337K, committed 6656K, reserved 1048576K
}
Event: 15.349 GC heap before
{Heap before GC invocations=18 (full 0):
 garbage-first heap   total 90112K, used 61469K [0x0000000741e00000, 0x0000000800000000)
  region size 2048K, 10 young (20480K), 1 survivors (2048K)
 Metaspace       used 49993K, committed 50624K, reserved 1114112K
  class space    used 6839K, committed 7104K, reserved 1048576K
}

Deoptimization events (16 events):
Event: 2.460 Thread 0x0000013da9f215c0 DEOPT PACKING pc=0x0000013d98cc7cf9 sp=0x00000005c76fd2f0
Event: 2.460 Thread 0x0000013da9f215c0 DEOPT UNPACKING pc=0x0000013d98802b43 sp=0x00000005c76fc7d0 mode 3
Event: 5.202 Thread 0x0000013da9f215c0 DEOPT PACKING pc=0x0000013d98f208e5 sp=0x00000005c76fc460
Event: 5.202 Thread 0x0000013da9f215c0 DEOPT UNPACKING pc=0x0000013d98802b43 sp=0x00000005c76fb9c8 mode 3
Event: 7.651 Thread 0x0000013da9f215c0 DEOPT PACKING pc=0x0000013d98cf02d4 sp=0x00000005c76fc4e0
Event: 7.651 Thread 0x0000013da9f215c0 DEOPT UNPACKING pc=0x0000013d98802b43 sp=0x00000005c76fba38 mode 0
Event: 8.283 Thread 0x0000013da9f215c0 DEOPT PACKING pc=0x0000013d98cfe052 sp=0x00000005c76fdd80
Event: 8.283 Thread 0x0000013da9f215c0 DEOPT UNPACKING pc=0x0000013d98802b43 sp=0x00000005c76fd288 mode 3
Event: 8.286 Thread 0x0000013da9f215c0 DEOPT PACKING pc=0x0000013d98ce3d0c sp=0x00000005c76fdd40
Event: 8.286 Thread 0x0000013da9f215c0 DEOPT UNPACKING pc=0x0000013d98802b43 sp=0x00000005c76fd288 mode 3
Event: 8.440 Thread 0x0000013da9f215c0 DEOPT PACKING pc=0x0000013d990d8213 sp=0x00000005c76fd550
Event: 8.440 Thread 0x0000013da9f215c0 DEOPT UNPACKING pc=0x0000013d98802b43 sp=0x00000005c76fca98 mode 3
Event: 8.642 Thread 0x0000013dab2c5080 DEOPT PACKING pc=0x0000013d98ccc789 sp=0x00000005c7dfec00
Event: 8.642 Thread 0x0000013dab2c5080 DEOPT UNPACKING pc=0x0000013d98802b43 sp=0x00000005c7dfe090 mode 3
Event: 8.671 Thread 0x0000013dab2c63c0 DEOPT PACKING pc=0x0000013d98c2721f sp=0x00000005c7fff250
Event: 8.671 Thread 0x0000013dab2c63c0 DEOPT UNPACKING pc=0x0000013d98802b43 sp=0x00000005c7ffe6a8 mode 3

Classes loaded (20 events):
Event: 12.886 Loading class java/util/concurrent/Semaphore
Event: 12.886 Loading class java/util/concurrent/Semaphore done
Event: 12.886 Loading class java/util/concurrent/Semaphore$NonfairSync
Event: 12.886 Loading class java/util/concurrent/Semaphore$Sync
Event: 12.886 Loading class java/util/concurrent/Semaphore$Sync done
Event: 12.886 Loading class java/util/concurrent/Semaphore$NonfairSync done
Event: 12.886 Loading class sun/nio/ch/SocketAdaptor
Event: 12.887 Loading class sun/nio/ch/SocketAdaptor done
Event: 12.889 Loading class sun/nio/ch/SelectionKeyImpl
Event: 12.889 Loading class java/nio/channels/spi/AbstractSelectionKey
Event: 12.889 Loading class java/nio/channels/SelectionKey
Event: 12.889 Loading class java/nio/channels/SelectionKey done
Event: 12.889 Loading class java/nio/channels/spi/AbstractSelectionKey done
Event: 12.889 Loading class sun/nio/ch/SelectionKeyImpl done
Event: 12.889 Loading class java/lang/invoke/ConstantBootstraps
Event: 12.890 Loading class java/lang/invoke/ConstantBootstraps done
Event: 14.766 Loading class java/io/StringReader
Event: 14.766 Loading class java/io/StringReader done
Event: 15.041 Loading class java/util/EnumMap$EntryIterator$Entry
Event: 15.042 Loading class java/util/EnumMap$EntryIterator$Entry done

Classes unloaded (0 events):
No events

Classes redefined (0 events):
No events

Internal exceptions (20 events):
Event: 8.751 Thread 0x0000013dab2c6890 Exception <a 'sun/nio/fs/WindowsException'{0x0000000749383828}> (0x0000000749383828) 
thrown [s\open\src\hotspot\share\prims\jni.cpp, line 516]
Event: 8.751 Thread 0x0000013dab2c6890 Exception <a 'sun/nio/fs/WindowsException'{0x0000000749383a68}> (0x0000000749383a68) 
thrown [s\open\src\hotspot\share\prims\jni.cpp, line 516]
Event: 8.752 Thread 0x0000013dab2c6890 Exception <a 'sun/nio/fs/WindowsException'{0x00000007493842f8}> (0x00000007493842f8) 
thrown [s\open\src\hotspot\share\prims\jni.cpp, line 516]
Event: 8.752 Thread 0x0000013dab2c6890 Exception <a 'sun/nio/fs/WindowsException'{0x0000000749384550}> (0x0000000749384550) 
thrown [s\open\src\hotspot\share\prims\jni.cpp, line 516]
Event: 8.752 Thread 0x0000013dab2c6890 Exception <a 'sun/nio/fs/WindowsException'{0x0000000749384de0}> (0x0000000749384de0) 
thrown [s\open\src\hotspot\share\prims\jni.cpp, line 516]
Event: 8.752 Thread 0x0000013dab2c6890 Exception <a 'sun/nio/fs/WindowsException'{0x0000000749385020}> (0x0000000749385020) 
thrown [s\open\src\hotspot\share\prims\jni.cpp, line 516]
Event: 8.752 Thread 0x0000013dab2c6890 Exception <a 'sun/nio/fs/WindowsException'{0x00000007493858b0}> (0x00000007493858b0) 
thrown [s\open\src\hotspot\share\prims\jni.cpp, line 516]
Event: 8.753 Thread 0x0000013dab2c6890 Exception <a 'sun/nio/fs/WindowsException'{0x0000000749385b08}> (0x0000000749385b08) 
thrown [s\open\src\hotspot\share\prims\jni.cpp, line 516]
Event: 8.753 Thread 0x0000013dab2c6890 Exception <a 'sun/nio/fs/WindowsException'{0x00000007493863c0}> (0x00000007493863c0) 
thrown [s\open\src\hotspot\share\prims\jni.cpp, line 516]
Event: 8.753 Thread 0x0000013dab2c6890 Exception <a 'sun/nio/fs/WindowsException'{0x0000000749386630}> (0x0000000749386630) 
thrown [s\open\src\hotspot\share\prims\jni.cpp, line 516]
Event: 8.753 Thread 0x0000013dab2c6890 Exception <a 'sun/nio/fs/WindowsException'{0x0000000749386f00}> (0x0000000749386f00) 
thrown [s\open\src\hotspot\share\prims\jni.cpp, line 516]
Event: 8.753 Thread 0x0000013dab2c6890 Exception <a 'sun/nio/fs/WindowsException'{0x0000000749387190}> (0x0000000749387190) 
thrown [s\open\src\hotspot\share\prims\jni.cpp, line 516]
Event: 8.753 Thread 0x0000013dab2c6890 Exception <a 'sun/nio/fs/WindowsException'{0x0000000749387a48}> (0x0000000749387a48) 
thrown [s\open\src\hotspot\share\prims\jni.cpp, line 516]
Event: 8.753 Thread 0x0000013dab2c6890 Exception <a 'sun/nio/fs/WindowsException'{0x0000000749387cd0}> (0x0000000749387cd0) 
thrown [s\open\src\hotspot\share\prims\jni.cpp, line 516]
Event: 9.295 Thread 0x0000013da9f215c0 Exception <a 'java/lang/NoSuchMethodError'{0x000000074976c958}: 'java.lang.Object java.lang.invoke.DirectMethodHandle$Holder.newInvokeSpecial(java.lang.Object, java.lang.Object, int, java.lang.Object, java.lang.Object)'> (0x000000074976c958) 
thrown [s\open\src\hotspot\share\interpreter\linkResolver.cpp, line 759]
Event: 9.296 Thread 0x0000013da9f215c0 Exception <a 'java/lang/NoSuchMethodError'{0x00000007497780f8}: 'java.lang.Object java.lang.invoke.DirectMethodHandle$Holder.invokeSpecial(java.lang.Object, java.lang.Object, int, java.lang.Object, int, java.lang.Object)'> (0x00000007497780f8) 
thrown [s\open\src\hotspot\share\interpreter\linkResolver.cpp, line 759]
Event: 9.297 Thread 0x0000013da9f215c0 Exception <a 'java/lang/NoSuchMethodError'{0x00000007497801f0}: 'java.lang.Object java.lang.invoke.DirectMethodHandle$Holder.newInvokeSpecial(java.lang.Object, java.lang.Object, int, java.lang.Object, int)'> (0x00000007497801f0) 
thrown [s\open\src\hotspot\share\interpreter\linkResolver.cpp, line 759]
Event: 9.297 Thread 0x0000013da9f215c0 Exception <a 'java/lang/NoSuchMethodError'{0x0000000749784308}: 'java.lang.Object java.lang.invoke.DirectMethodHandle$Holder.invokeSpecial(java.lang.Object, java.lang.Object, java.lang.Object, int, java.lang.Object, int)'> (0x0000000749784308) 
thrown [s\open\src\hotspot\share\interpreter\linkResolver.cpp, line 759]
Event: 14.759 Thread 0x0000013dab2c7bd0 Exception <a 'java/lang/NoSuchMethodError'{0x00000007492d3cd0}: 'java.lang.Object java.lang.invoke.DirectMethodHandle$Holder.invokeSpecial(java.lang.Object, java.lang.Object, java.lang.Object, java.lang.Object, java.lang.Object, long)'> (0x00000007492d3cd0) 
thrown [s\open\src\hotspot\share\interpreter\linkResolver.cpp, line 759]
Event: 14.759 Thread 0x0000013dab2c7bd0 Exception <a 'java/lang/NoSuchMethodError'{0x00000007492d7718}: 'java.lang.Object java.lang.invoke.Invokers$Holder.linkToTargetMethod(java.lang.Object, java.lang.Object, java.lang.Object, long, java.lang.Object)'> (0x00000007492d7718) 
thrown [s\open\src\hotspot\share\interpreter\linkResolver.cpp, line 759]

VM Operations (20 events):
Event: 9.138 Executing VM operation: G1CollectForAllocation done
Event: 9.198 Executing VM operation: G1CollectForAllocation
Event: 9.202 Executing VM operation: G1CollectForAllocation done
Event: 9.302 Executing VM operation: HandshakeAllThreads
Event: 9.302 Executing VM operation: HandshakeAllThreads done
Event: 9.305 Executing VM operation: HandshakeAllThreads
Event: 9.305 Executing VM operation: HandshakeAllThreads done
Event: 9.330 Executing VM operation: HandshakeAllThreads
Event: 9.330 Executing VM operation: HandshakeAllThreads done
Event: 9.351 Executing VM operation: HandshakeAllThreads
Event: 9.351 Executing VM operation: HandshakeAllThreads done
Event: 10.351 Executing VM operation: Cleanup
Event: 10.351 Executing VM operation: Cleanup done
Event: 14.779 Executing VM operation: HandshakeAllThreads
Event: 14.779 Executing VM operation: HandshakeAllThreads done
Event: 14.779 Executing VM operation: Cleanup
Event: 14.779 Executing VM operation: Cleanup done
Event: 14.878 Executing VM operation: HandshakeAllThreads
Event: 14.878 Executing VM operation: HandshakeAllThreads done
Event: 15.349 Executing VM operation: G1CollectForAllocation

Events (20 events):
Event: 9.265 Thread 0x0000013dab2c5080 Thread exited: 0x0000013dab2c5080
Event: 9.310 Thread 0x0000013dab2c7bd0 Thread added: 0x0000013dab2c7bd0
Event: 9.311 Thread 0x0000013dab2c5080 Thread added: 0x0000013dab2c5080
Event: 9.311 Thread 0x0000013dab2c8570 Thread added: 0x0000013dab2c8570
Event: 9.311 Thread 0x0000013dab2c7230 Thread added: 0x0000013dab2c7230
Event: 9.311 Thread 0x0000013dab2c5ef0 Thread added: 0x0000013dab2c5ef0
Event: 9.311 Thread 0x0000013dab2c5550 Thread added: 0x0000013dab2c5550
Event: 9.311 Thread 0x0000013dab2c63c0 Thread added: 0x0000013dab2c63c0
Event: 9.311 Thread 0x0000013dab2c6d60 Thread added: 0x0000013dab2c6d60
Event: 9.311 Thread 0x0000013dab2c6890 Thread added: 0x0000013dab2c6890
Event: 9.311 Thread 0x0000013dab876700 Thread added: 0x0000013dab876700
Event: 9.329 Thread 0x0000013dab876bd0 Thread added: 0x0000013dab876bd0
Event: 9.331 Thread 0x0000013dab877f10 Thread added: 0x0000013dab877f10
Event: 9.359 Thread 0x0000013da9f215c0 Thread exited: 0x0000013da9f215c0
Event: 9.361 Thread 0x0000013da9d505e0 Thread exited: 0x0000013da9d505e0
Event: 9.362 Thread 0x0000013d8f6725c0 Thread exited: 0x0000013d8f6725c0
Event: 9.362 Thread 0x0000013dab877570 Thread added: 0x0000013dab877570
Event: 11.281 Thread 0x0000013da9554970 Thread exited: 0x0000013da9554970
Event: 12.426 Thread 0x0000013dab2c7700 Thread exited: 0x0000013dab2c7700
Event: 13.328 Thread 0x0000013da9552060 Thread exited: 0x0000013da9552060


Dynamic libraries:
0x00007ff63d330000 - 0x00007ff63d33e000 	C:\Users\User\.jdks\openjdk-18.0.2\bin\java.exe
0x00007fff96fc0000 - 0x00007fff971ae000 	C:\Windows\SYSTEM32\ntdll.dll
0x00007fff94270000 - 0x00007fff94323000 	C:\Windows\System32\KERNEL32.DLL
0x00007fff93050000 - 0x00007fff932ed000 	C:\Windows\System32\KERNELBASE.dll
0x00007fff94040000 - 0x00007fff9413a000 	C:\Windows\System32\ucrtbase.dll
0x00007fff6e9f0000 - 0x00007fff6ea07000 	C:\Users\User\.jdks\openjdk-18.0.2\bin\jli.dll
0x00007fff94330000 - 0x00007fff944c8000 	C:\Windows\System32\USER32.dll
0x00007fff93c70000 - 0x00007fff93c90000 	C:\Windows\System32\win32u.dll
0x00007fff947f0000 - 0x00007fff94819000 	C:\Windows\System32\GDI32.dll
0x00007fff93c90000 - 0x00007fff93e30000 	C:\Windows\System32\gdi32full.dll
0x00007fff93fa0000 - 0x00007fff94040000 	C:\Windows\System32\msvcp_win.dll
0x00007fff6e2f0000 - 0x00007fff6e30a000 	C:\Users\User\.jdks\openjdk-18.0.2\bin\VCRUNTIME140.dll
0x00007fff82110000 - 0x00007fff82389000 	C:\Windows\WinSxS\amd64_microsoft.windows.common-controls_6595b64144ccf1df_6.0.17763.3650_none_de72e6e05349b85a\COMCTL32.dll
0x00007fff94750000 - 0x00007fff947ee000 	C:\Windows\System32\msvcrt.dll
0x00007fff96c60000 - 0x00007fff96f8b000 	C:\Windows\System32\combase.dll
0x00007fff94630000 - 0x00007fff9474d000 	C:\Windows\System32\RPCRT4.dll
0x00007fff94140000 - 0x00007fff941c2000 	C:\Windows\System32\bcryptPrimitives.dll
0x00007fff94dc0000 - 0x00007fff94dee000 	C:\Windows\System32\IMM32.DLL
0x00007fff83220000 - 0x00007fff8322c000 	C:\Users\User\.jdks\openjdk-18.0.2\bin\vcruntime140_1.dll
0x00007fff69c20000 - 0x00007fff69cad000 	C:\Users\User\.jdks\openjdk-18.0.2\bin\msvcp140.dll
0x00007fff23f80000 - 0x00007fff24b91000 	C:\Users\User\.jdks\openjdk-18.0.2\bin\server\jvm.dll
0x00007fff96bb0000 - 0x00007fff96c57000 	C:\Windows\System32\ADVAPI32.dll
0x00007fff94820000 - 0x00007fff948bf000 	C:\Windows\System32\sechost.dll
0x00007fff95620000 - 0x00007fff95628000 	C:\Windows\System32\PSAPI.DLL
0x00007fff7ce70000 - 0x00007fff7ce79000 	C:\Windows\SYSTEM32\WSOCK32.dll
0x00007fff95550000 - 0x00007fff955bd000 	C:\Windows\System32\WS2_32.dll
0x00007fff90e80000 - 0x00007fff90ea4000 	C:\Windows\SYSTEM32\WINMM.dll
0x00007fff85100000 - 0x00007fff8510a000 	C:\Windows\SYSTEM32\VERSION.dll
0x00007fff90e50000 - 0x00007fff90e7d000 	C:\Windows\SYSTEM32\WINMMBASE.dll
0x00007fff93f50000 - 0x00007fff93f9a000 	C:\Windows\System32\cfgmgr32.dll
0x00007fff93010000 - 0x00007fff93021000 	C:\Windows\System32\kernel.appcore.dll
0x00007fff826d0000 - 0x00007fff826da000 	C:\Users\User\.jdks\openjdk-18.0.2\bin\jimage.dll
0x00007fff85df0000 - 0x00007fff85fdd000 	C:\Windows\SYSTEM32\DBGHELP.DLL
0x00007fff7eab0000 - 0x00007fff7eada000 	C:\Windows\SYSTEM32\dbgcore.DLL
0x00007fff91170000 - 0x00007fff9117e000 	C:\Users\User\.jdks\openjdk-18.0.2\bin\instrument.dll
0x00007fff6c260000 - 0x00007fff6c285000 	C:\Users\User\.jdks\openjdk-18.0.2\bin\java.dll
0x00007fff69b40000 - 0x00007fff69c16000 	C:\Users\User\.jdks\openjdk-18.0.2\bin\jsvml.dll
0x00007fff95630000 - 0x00007fff96b28000 	C:\Windows\System32\SHELL32.dll
0x00007fff948d0000 - 0x00007fff94977000 	C:\Windows\System32\shcore.dll
0x00007fff932f0000 - 0x00007fff93a39000 	C:\Windows\System32\windows.storage.dll
0x00007fff92fe0000 - 0x00007fff93003000 	C:\Windows\System32\profapi.dll
0x00007fff92f80000 - 0x00007fff92fdd000 	C:\Windows\System32\powrprof.dll
0x00007fff94bf0000 - 0x00007fff94c42000 	C:\Windows\System32\shlwapi.dll
0x00007fff941d0000 - 0x00007fff941eb000 	C:\Windows\System32\cryptsp.dll
0x00007fff6b5e0000 - 0x00007fff6b5f8000 	C:\Users\User\.jdks\openjdk-18.0.2\bin\zip.dll
0x00007fff6cd70000 - 0x00007fff6cd83000 	C:\Users\User\.jdks\openjdk-18.0.2\bin\net.dll
0x00007fff89f00000 - 0x00007fff89fff000 	C:\Windows\SYSTEM32\WINHTTP.dll
0x00007fff927d0000 - 0x00007fff92837000 	C:\Windows\system32\mswsock.dll
0x00007fff6c5b0000 - 0x00007fff6c5c6000 	C:\Users\User\.jdks\openjdk-18.0.2\bin\nio.dll
0x00007fff91080000 - 0x00007fff9109a000 	C:\Program Files\JetBrains\IntelliJ IDEA 2022.1\bin\breakgen64.dll
0x00007fff92530000 - 0x00007fff925f6000 	C:\Windows\SYSTEM32\DNSAPI.dll
0x00007fff948c0000 - 0x00007fff948c8000 	C:\Windows\System32\NSI.dll
0x00007fff924e0000 - 0x00007fff9251d000 	C:\Windows\SYSTEM32\IPHLPAPI.DLL
0x00007fff847a0000 - 0x00007fff847aa000 	C:\Windows\System32\rasadhlp.dll
0x00007fff84810000 - 0x00007fff84889000 	C:\Windows\System32\fwpuclnt.dll
0x00007fff93c40000 - 0x00007fff93c66000 	C:\Windows\System32\bcrypt.dll
0x00007fff91140000 - 0x00007fff91149000 	C:\Users\User\.jdks\openjdk-18.0.2\bin\management.dll
0x00007fff910f0000 - 0x00007fff910fb000 	C:\Users\User\.jdks\openjdk-18.0.2\bin\management_ext.dll
0x00007fff92350000 - 0x00007fff92383000 	C:\Windows\system32\rsaenh.dll
0x00007fff92eb0000 - 0x00007fff92ed9000 	C:\Windows\SYSTEM32\USERENV.dll
0x00007fff929a0000 - 0x00007fff929ac000 	C:\Windows\SYSTEM32\CRYPTBASE.dll
0x00007fff85950000 - 0x00007fff85966000 	C:\Windows\SYSTEM32\dhcpcsvc6.DLL
0x00007fff85930000 - 0x00007fff8594c000 	C:\Windows\SYSTEM32\dhcpcsvc.DLL
0x00007fff5bc80000 - 0x00007fff5bc96000 	C:\Windows\system32\napinsp.dll
0x00007fff5bc60000 - 0x00007fff5bc7a000 	C:\Windows\system32\pnrpnsp.dll
0x00007fff6e9e0000 - 0x00007fff6e9ee000 	C:\Windows\System32\winrnr.dll
0x00007fff8f670000 - 0x00007fff8f68b000 	C:\Windows\system32\NLAapi.dll
0x00007fff89230000 - 0x00007fff89245000 	C:\Windows\system32\wshbth.dll
0x00007fff91070000 - 0x00007fff9107e000 	C:\Users\User\.jdks\openjdk-18.0.2\bin\sunmscapi.dll
0x00007fff93a40000 - 0x00007fff93c35000 	C:\Windows\System32\CRYPT32.dll
0x00007fff93030000 - 0x00007fff93042000 	C:\Windows\System32\MSASN1.dll
0x00007fff92aa0000 - 0x00007fff92acc000 	C:\Windows\SYSTEM32\ncrypt.dll
0x00007fff92a60000 - 0x00007fff92a9c000 	C:\Windows\SYSTEM32\NTASN1.dll

dbghelp: loaded successfully - version: 4.0.5 - missing functions: none
symbol engine: initialized successfully - sym options: 0x614 - pdb path: .;C:\Users\User\.jdks\openjdk-18.0.2\bin;C:\Windows\SYSTEM32;C:\Windows\WinSxS\amd64_microsoft.windows.common-controls_6595b64144ccf1df_6.0.17763.3650_none_de72e6e05349b85a;C:\Users\User\.jdks\openjdk-18.0.2\bin\server;C:\Program Files\JetBrains\IntelliJ IDEA 2022.1\bin

VM Arguments:
jvm_args: -XX:TieredStopAtLevel=1 -Xverify:none -Dspring.output.ansi.enabled=always -Dcom.sun.management.jmxremote -Dspring.jmx.enabled=true -Dspring.liveBeansView.mbeanDomain -Dspring.application.admin.enabled=true -javaagent:C:\Program Files\JetBrains\IntelliJ IDEA 2022.1\lib\idea_rt.jar=8405:C:\Program Files\JetBrains\IntelliJ IDEA 2022.1\bin -Dfile.encoding=UTF-8 
java_command: uz.anvar.kif.KifApplication
java_class_path (initial): D:\Web dasturlash\kif\kif\target\classes;C:\Users\User\.m2\repository\org\springframework\boot\spring-boot-starter-data-jpa\3.0.0\spring-boot-starter-data-jpa-3.0.0.jar;C:\Users\User\.m2\repository\org\springframework\boot\spring-boot-starter-aop\3.0.0\spring-boot-starter-aop-3.0.0.jar;C:\Users\User\.m2\repository\org\springframework\spring-aop\6.0.2\spring-aop-6.0.2.jar;C:\Users\User\.m2\repository\org\aspectj\aspectjweaver\1.9.9.1\aspectjweaver-1.9.9.1.jar;C:\Users\User\.m2\repository\org\springframework\boot\spring-boot-starter-jdbc\3.0.0\spring-boot-starter-jdbc-3.0.0.jar;C:\Users\User\.m2\repository\com\zaxxer\HikariCP\5.0.1\HikariCP-5.0.1.jar;C:\Users\User\.m2\repository\org\springframework\spring-jdbc\6.0.2\spring-jdbc-6.0.2.jar;C:\Users\User\.m2\repository\org\hibernate\orm\hibernate-core\6.1.5.Final\hibernate-core-6.1.5.Final.jar;C:\Users\User\.m2\repository\jakarta\persistence\jakarta.persistence-api\3.1.0\jakarta.persistence-api-3.1.0.jar;C:\Users\User\.m2\repository\jakarta\transaction\jakarta.transaction-api\2.0.1\jakarta.transaction-api-2.0.1.jar;C:\Users\User\.m2\repository\org\jboss\logging\jboss-logging\3.5.0.Final\jboss-logging-3.5.0.Final.jar;C:\Users\User\.m2\repository\org\hibernate\common\hibernate-commons-annotations\6.0.2.Final\hibernate-commons-annotations-6.0.2.Final.jar;C:\Users\User\.m2\repository\org\jboss\jandex\2.4.2.Final\jandex-2.4.2.Final.jar;C:\Users\User\.m2\repository\com\fasterxml\classmate\1.5.1\classmate-1.5.1.jar;C:\Users\User\.m2\repository\net\bytebuddy\byte-buddy\1.12.19\byte-buddy-1.12.19.jar;C:\Users\User\.m2\repository\org\glassfish\jaxb\jaxb-runtime\4.0.1\jaxb-runtime-4.0.1.jar;C:\Users\User\.m2\repository\org\glassfish\jaxb\jaxb-core\4.0.1\jaxb-core-4.0.1.jar;C:\Users\User\.m2\repository\org\eclipse\angus\angus-activation\1.0.0\angus-activation-1.0.0.jar;C:\Users\User\.m2\repository\org\glassfish\jaxb\txw2\4.0.1\txw2-4.0.1.jar;C:\Users\User\.m2\repository\com\sun\istack\istack-commons-runtime\4.1.1\istack-commons-runtime-4.1.1.jar;C:\Users\User\.m2\repository\jakarta\inject\jakarta.inject-api\2.0.0\jakarta.inject-api-2.0.0.jar;C:\Users\User\.m2\repository\org\antlr\antlr4-runtime\4.10.1\antlr4-runtime-4.10.1.jar;C:\Users\User\.m2\repository\org\springframework\data\spring-data-jpa\3.0.0\spring-data-jpa-3.0.0.jar;C:\Users\User\.m2\repository\org\springframework\data\spring-data-commons\3.0.0\spring-data-commons-3.0.0.jar;C:\Users\User\.m2\repository\org\springframework\spring-orm\6.0.2\spring-orm-6.0.2.jar;C:\Users\User\.m2\repository\org\springframework\spring-context\6.0.2\spring-context-6.0.2.jar;C:\Users\User\.m2\repository\org\springframework\spring-tx\6.0.2\spring-tx-6.0.2.jar;C:\Users\User\.m2\repository\org\springframework\spring-beans\6.0.2\spring-beans-6.0.2.jar;C:\Users\User\.m2\repository\jakarta\annotation\jakarta.annotation-api\2.1.1\jakarta.annotation-api-2.1.1.jar;C:\Users\User\.m2\repository\org\springframework\spring-aspects\6.0.2\spring-aspects-6.0.2.jar;C:\Users\User\.m2\repository\org\springframework\boot\spring-boot-starter-thymeleaf\3.0.0\spring-boot-starter-thymeleaf-3.0.0.jar;C:\Users\User\.m2\repository\org\springframework\boot\spring-boot-starter\3.0.0\spring-boot-starter-3.0.0.jar;C:\Users\User\.m2\repository\org\springframework\boot\spring-boot-starter-logging\3.0.0\spring-boot-starter-logging-3.0.0.jar;C:\Users\User\.m2\repository\ch\qos\logback\logback-classic\1.4.5\logback-classic-1.4.5.jar;C:\Users\User\.m2\repository\ch\qos\logback\logback-core\1.4.5\logback-core-1.4.5.jar;C:\Users\User\.m2\repository\org\apache\logging\log4j\log4j-to-slf4j\2.19.0\log4j-to-slf4j-2.19.0.jar;C:\Users\User\.m2\repository\org\apache\logging\log4j\log4j-api\2.19.0\log4j-api-2.19.0.jar;C:\Users\User\.m2\repository\org\slf4j\jul-to-slf4j\2.0.4\jul-to-slf4j-2.0.4.jar;C:\Users\User\.m2\repository\org\yaml\snakeyaml\1.33\snakeyaml-1.33.jar;C:\Users\User\.m2\repository\org\thymeleaf\thymeleaf-spring6\3.1.0.RELEASE\thymeleaf-spring6-3.1.0.RELEASE.jar;C:\Users\User\.m2\repository\org\thymeleaf\thymeleaf\3.1.0.RELEASE\thymeleaf-3.1.0.RELEASE.jar;C:\Users\User\.m2\repository\org\attoparser\attoparser\2.0.6.RELEASE\attoparser-2.0.6.RELEASE.jar;C:\Users\User\.m2\repository\org\unbescape\unbescape\1.1.6.RELEASE\unbescape-1.1.6.RELEASE.jar;C:\Users\User\.m2\repository\org\springframework\boot\spring-boot-starter-web\3.0.0\spring-boot-starter-web-3.0.0.jar;C:\Users\User\.m2\repository\org\springframework\boot\spring-boot-starter-json\3.0.0\spring-boot-starter-json-3.0.0.jar;C:\Users\User\.m2\repository\com\fasterxml\jackson\core\jackson-databind\2.14.1\jackson-databind-2.14.1.jar;C:\Users\User\.m2\repository\com\fasterxml\jackson\core\jackson-annotations\2.14.1\jackson-annotations-2.14.1.jar;C:\Users\User\.m2\repository\com\fasterxml\jackson\datatype\jackson-datatype-jdk8\2.14.1\jackson-datatype-jdk8-2.14.1.jar;C:\Users\User\.m2\repository\com\fasterxml\jackson\datatype\jackson-datatype-jsr310\2.14.1\jackson-datatype-jsr310-2.14.1.jar;C:\Users\User\.m2\repository\com\fasterxml\jackson\module\jackson-module-parameter-names\2.14.1\jackson-module-parameter-names-2.14.1.jar;C:\Users\User\.m2\repository\org\springframework\boot\spring-boot-starter-tomcat\3.0.0\spring-boot-starter-tomcat-3.0.0.jar;C:\Users\User\.m2\repository\org\apache\tomcat\embed\tomcat-embed-core\10.1.1\tomcat-embed-core-10.1.1.jar;C:\Users\User\.m2\repository\org\apache\tomcat\embed\tomcat-embed-el\10.1.1\tomcat-embed-el-10.1.1.jar;C:\Users\User\.m2\repository\org\apache\tomcat\embed\tomcat-embed-websocket\10.1.1\tomcat-embed-websocket-10.1.1.jar;C:\Users\User\.m2\repository\org\springframework\spring-web\6.0.2\spring-web-6.0.2.jar;C:\Users\User\.m2\repository\io\micrometer\micrometer-observation\1.10.2\micrometer-observation-1.10.2.jar;C:\Users\User\.m2\repository\io\micrometer\micrometer-commons\1.10.2\micrometer-commons-1.10.2.jar;C:\Users\User\.m2\repository\org\springframework\spring-webmvc\6.0.2\spring-webmvc-6.0.2.jar;C:\Users\User\.m2\repository\org\springframework\spring-expression\6.0.2\spring-expression-6.0.2.jar;C:\Users\User\.m2\repository\org\webjars\bootstrap\4.3.1\bootstrap-4.3.1.jar;C:\Users\User\.m2\repository\org\webjars\jquery\3.0.0\jquery-3.0.0.jar;C:\Users\User\.m2\repository\org\webjars\popper.js\1.14.3\popper.js-1.14.3.jar;C:\Users\User\.m2\repository\org\webjars\webjars-locator-core\0.52\webjars-locator-core-0.52.jar;C:\Users\User\.m2\repository\org\slf4j\slf4j-api\2.0.4\slf4j-api-2.0.4.jar;C:\Users\User\.m2\repository\io\github\classgraph\classgraph\4.8.147\classgraph-4.8.147.jar;C:\Users\User\.m2\repository\com\fasterxml\jackson\core\jackson-core\2.14.1\jackson-core-2.14.1.jar;C:\Users\User\.m2\repository\org\springframework\boot\spring-boot-devtools\3.0.0\spring-boot-devtools-3.0.0.jar;C:\Users\User\.m2\repository\org\springframework\boot\spring-boot\3.0.0\spring-boot-3.0.0.jar;C:\Users\User\.m2\repository\org\springframework\boot\spring-boot-autoconfigure\3.0.0\spring-boot-autoconfigure-3.0.0.jar;C:\Users\User\.m2\repository\org\postgresql\postgresql\42.5.1\postgresql-42.5.1.jar;C:\Users\User\.m2\repository\org\checkerframework\checker-qual\3.5.0\checker-qual-3.5.0.jar;C:\Users\User\.m2\repository\org\projectlombok\lombok\1.18.24\lombok-1.18.24.jar;C:\Users\User\.m2\repository\jakarta\xml\bind\jakarta.xml.bind-api\4.0.0\jakarta.xml.bind-api-4.0.0.jar;C:\Users\User\.m2\repository\jakarta\activation\jakarta.activation-api\2.1.0\jakarta.activation-api-2.1.0.jar;C:\Users\User\.m2\repository\org\springframework\spring-core\6.0.2\spring-core-6.0.2.jar;C:\Users\User\.m2\repository\org\springframework\spring-jcl\6.0.2\spring-jcl-6.0.2.jar
Launcher Type: SUN_STANDARD

[Global flags]
     intx CICompilerCount                          = 3                                         {product} {ergonomic}
     uint ConcGCThreads                            = 1                                         {product} {ergonomic}
     uint G1ConcRefinementThreads                  = 4                                         {product} {ergonomic}
   size_t G1HeapRegionSize                         = 2097152                                   {product} {ergonomic}
    uintx GCDrainStackTargetSize                   = 64                                        {product} {ergonomic}
   size_t InitialHeapSize                          = 201326592                                 {product} {ergonomic}
     bool ManagementServer                         = true                                      {product} {command line}
   size_t MarkStackSize                            = 4194304                                   {product} {ergonomic}
   size_t MaxHeapSize                              = 3189768192                                {product} {ergonomic}
   size_t MaxNewSize                               = 1912602624                                {product} {ergonomic}
   size_t MinHeapDeltaBytes                        = 2097152                                   {product} {ergonomic}
   size_t MinHeapSize                              = 8388608                                   {product} {ergonomic}
    uintx NonProfiledCodeHeapSize                  = 0                                      {pd product} {ergonomic}
     bool ProfileInterpreter                       = false                                  {pd product} {command line}
    uintx ProfiledCodeHeapSize                     = 0                                      {pd product} {ergonomic}
   size_t SoftMaxHeapSize                          = 3189768192                             {manageable} {ergonomic}
     intx TieredStopAtLevel                        = 1                                         {product} {command line}
     bool UseCompressedClassPointers               = true                           {product lp64_product} {ergonomic}
     bool UseCompressedOops                        = true                           {product lp64_product} {ergonomic}
     bool UseG1GC                                  = true                                      {product} {ergonomic}
     bool UseLargePagesIndividualAllocation        = false                                  {pd product} {ergonomic}

Logging:
Log output configuration:
 #0: stdout all=warning uptime,level,tags foldmultilines=false
 #1: stderr all=off uptime,level,tags foldmultilines=false

Environment Variables:
PATH=C:\Program Files\Common Files\Oracle\Java\javapath;C:\Windows\system32;C:\Windows;C:\Windows\System32\Wbem;C:\Windows\System32\WindowsPowerShell\v1.0\;C:\Windows\System32\OpenSSH\;C:\Program Files\dotnet\;C:\Program Files\nodejs\;C:\Program Files\Git\cmd;C:\Users\User\AppData\Local\Microsoft\WindowsApps;C:\Program Files\JetBrains\IntelliJ IDEA Community Edition 2021.3.1\bin;;C:\Program Files\JetBrains\PyCharm Community Edition 2021.3.1\bin;;C:\Program Files\JetBrains\DataGrip 2021.3.4\bin;;C:\Program Files\JetBrains\IntelliJ IDEA 2022.1\bin;;C:\Users\User\AppData\Local\Programs\Microsoft VS Code\bin;C:\Program Files\JetBrains\PyCharm 2022.2.3\bin;;C:\Users\User\.dotnet\tools;C:\Program Files (x86)\Nmap;C:\Users\User\AppData\Roaming\npm;C:\php\php-8.1.12-nts-Win32-vs16-x64;
USERNAME=User
OS=Windows_NT
PROCESSOR_IDENTIFIER=Intel64 Family 6 Model 78 Stepping 3, GenuineIntel



---------------  S Y S T E M  ---------------

OS:
 Windows 10 , 64 bit Build 17763 (10.0.17763.3287)
OS uptime: 0 days 3:45 hours

CPU: total 4 (initial active 4) (2 cores per cpu, 2 threads per core) family 6 model 78 stepping 3 microcode 0xd6, cx8, cmov, fxsr, ht, mmx, 3dnowpref, sse, sse2, sse3, ssse3, sse4.1, sse4.2, popcnt, lzcnt, tsc, tscinvbit, avx, avx2, aes, erms, clmul, bmi1, bmi2, adx, fma, vzeroupper, clflush, clflushopt

Memory: 4k page, system-wide physical 12161M (3239M free)
TotalPageFile size 14209M (AvailPageFile size 21M)
current process WorkingSet (physical memory assigned to process): 203M, peak: 203M
current process commit charge ("private bytes"): 283M, peak: 349M

vm_info: OpenJDK 64-Bit Server VM (18.0.2+9-61) for windows-amd64 JRE (18.0.2+9-61), built on Jun  7 2022 13:05:59 by "mach5one" with MS VC++ 16.8 / 16.9 (VS2019)

END.
